Determining if the pthread_create exist failed with the following output:
Change Dir: /home/shubham/workspace/udacity/sensor_fusion/SFND_Lidar_Obstacle_Detection/build/CMakeFiles/CMakeTmp

Run Build Command:"/usr/bin/make" "cmTC_4af05/fast"
/usr/bin/make -f CMakeFiles/cmTC_4af05.dir/build.make CMakeFiles/cmTC_4af05.dir/build
make[1]: Entering directory '/home/shubham/workspace/udacity/sensor_fusion/SFND_Lidar_Obstacle_Detection/build/CMakeFiles/CMakeTmp'
Building C object CMakeFiles/cmTC_4af05.dir/CheckSymbolExists.c.o
/usr/bin/cc     -o CMakeFiles/cmTC_4af05.dir/CheckSymbolExists.c.o   -c /home/shubham/workspace/udacity/sensor_fusion/SFND_Lidar_Obstacle_Detection/build/CMakeFiles/CMakeTmp/CheckSymbolExists.c
Linking C executable cmTC_4af05
/usr/bin/cmake -E cmake_link_script CMakeFiles/cmTC_4af05.dir/link.txt --verbose=1
/usr/bin/cc       CMakeFiles/cmTC_4af05.dir/CheckSymbolExists.c.o  -o cmTC_4af05 -rdynamic 
CMakeFiles/cmTC_4af05.dir/CheckSymbolExists.c.o: In function `main':
CheckSymbolExists.c:(.text+0x16): undefined reference to `pthread_create'
collect2: error: ld returned 1 exit status
CMakeFiles/cmTC_4af05.dir/build.make:97: recipe for target 'cmTC_4af05' failed
make[1]: *** [cmTC_4af05] Error 1
make[1]: Leaving directory '/home/shubham/workspace/udacity/sensor_fusion/SFND_Lidar_Obstacle_Detection/build/CMakeFiles/CMakeTmp'
Makefile:126: recipe for target 'cmTC_4af05/fast' failed
make: *** [cmTC_4af05/fast] Error 2

File /home/shubham/workspace/udacity/sensor_fusion/SFND_Lidar_Obstacle_Detection/build/CMakeFiles/CMakeTmp/CheckSymbolExists.c:
/* */
#include <pthread.h>

int main(int argc, char** argv)
{
  (void)argv;
#ifndef pthread_create
  return ((int*)(&pthread_create))[argc];
#else
  (void)argc;
  return 0;
#endif
}

Determining if the function pthread_create exists in the pthreads failed with the following output:
Change Dir: /home/shubham/workspace/udacity/sensor_fusion/SFND_Lidar_Obstacle_Detection/build/CMakeFiles/CMakeTmp

Run Build Command:"/usr/bin/make" "cmTC_04832/fast"
/usr/bin/make -f CMakeFiles/cmTC_04832.dir/build.make CMakeFiles/cmTC_04832.dir/build
make[1]: Entering directory '/home/shubham/workspace/udacity/sensor_fusion/SFND_Lidar_Obstacle_Detection/build/CMakeFiles/CMakeTmp'
Building C object CMakeFiles/cmTC_04832.dir/CheckFunctionExists.c.o
/usr/bin/cc    -DCHECK_FUNCTION_EXISTS=pthread_create   -o CMakeFiles/cmTC_04832.dir/CheckFunctionExists.c.o   -c /usr/share/cmake-3.5/Modules/CheckFunctionExists.c
Linking C executable cmTC_04832
/usr/bin/cmake -E cmake_link_script CMakeFiles/cmTC_04832.dir/link.txt --verbose=1
/usr/bin/cc   -DCHECK_FUNCTION_EXISTS=pthread_create    CMakeFiles/cmTC_04832.dir/CheckFunctionExists.c.o  -o cmTC_04832 -rdynamic -lpthreads 
/usr/bin/ld: cannot find -lpthreads
collect2: error: ld returned 1 exit status
CMakeFiles/cmTC_04832.dir/build.make:97: recipe for target 'cmTC_04832' failed
make[1]: *** [cmTC_04832] Error 1
make[1]: Leaving directory '/home/shubham/workspace/udacity/sensor_fusion/SFND_Lidar_Obstacle_Detection/build/CMakeFiles/CMakeTmp'
Makefile:126: recipe for target 'cmTC_04832/fast' failed
make: *** [cmTC_04832/fast] Error 2


